<?xml version="1.0" encoding="UTF-8"?>
<testsuite xmlns:xsi="http://www.w3.org/2001/XMLSchema-instance" xsi:noNamespaceSchemaLocation="https://maven.apache.org/surefire/maven-surefire-plugin/xsd/surefire-test-report-3.0.xsd" version="3.0" name="com.compass.e_commerce.ECommerceApplicationTests" time="13.342" tests="1" errors="0" skipped="0" failures="0">
  <properties>
[...]
</properties>
  <testcase name="contextLoads" classname="com.compass.e_commerce.ECommerceApplicationTests" time="0.786">
    <system-out><![CDATA[13:03:07.581 [main] INFO org.springframework.test.context.support.AnnotationConfigContextLoaderUtils -- Could not detect default configuration classes for test class [com.compass.e_commerce.ECommerceApplicationTests]: ECommerceApplicationTests does not declare any static, non-private, non-final, nested classes annotated with @Configuration.
13:03:07.757 [main] INFO org.springframework.boot.test.context.SpringBootTestContextBootstrapper -- Found @SpringBootConfiguration com.compass.e_commerce.ECommerceApplication for test class com.compass.e_commerce.ECommerceApplicationTests

  .   ____          _            __ _ _
 /\\ / ___'_ __ _ _(_)_ __  __ _ \ \ \ \
( ( )\___ | '_ | '_| | '_ \/ _` | \ \ \ \
 \\/  ___)| |_)| | | | | || (_| |  ) ) ) )
  '  |____| .__|_| |_|_| |_\__, | / / / /
 =========|_|==============|___/=/_/_/_/
 :: Spring Boot ::                (v3.2.0)

2025-01-11T13:03:08.647-03:00  WARN 17132 --- [e-commerce] [           main] ory$DuplicateJsonObjectContextCustomizer : 

Found multiple occurrences of org.json.JSONObject on the class path:

	jar:file:/C:/Users/user/.m2/repository/com/vaadin/external/google/android-json/0.0.20131108.vaadin1/android-json-0.0.20131108.vaadin1.jar!/org/json/JSONObject.class
	jar:file:/C:/Users/user/.m2/repository/org/json/json/20231013/json-20231013.jar!/org/json/JSONObject.class

You may wish to exclude one of them to ensure predictable runtime behavior

2025-01-11T13:03:08.700-03:00  INFO 17132 --- [e-commerce] [           main] c.c.e.ECommerceApplicationTests          : Starting ECommerceApplicationTests using Java 19.0.2 with PID 17132 (started by user in C:\Users\user\OneDrive\Documentos\projects\desafio-3-compass\e-commerce)
2025-01-11T13:03:08.702-03:00  INFO 17132 --- [e-commerce] [           main] c.c.e.ECommerceApplicationTests          : No active profile set, falling back to 1 default profile: "default"
2025-01-11T13:03:10.788-03:00  INFO 17132 --- [e-commerce] [           main] .s.d.r.c.RepositoryConfigurationDelegate : Multiple Spring Data modules found, entering strict repository configuration mode
2025-01-11T13:03:10.791-03:00  INFO 17132 --- [e-commerce] [           main] .s.d.r.c.RepositoryConfigurationDelegate : Bootstrapping Spring Data JPA repositories in DEFAULT mode.
2025-01-11T13:03:11.077-03:00  INFO 17132 --- [e-commerce] [           main] .s.d.r.c.RepositoryConfigurationDelegate : Finished Spring Data repository scanning in 268 ms. Found 7 JPA repository interfaces.
2025-01-11T13:03:11.113-03:00  INFO 17132 --- [e-commerce] [           main] .s.d.r.c.RepositoryConfigurationDelegate : Multiple Spring Data modules found, entering strict repository configuration mode
2025-01-11T13:03:11.115-03:00  INFO 17132 --- [e-commerce] [           main] .s.d.r.c.RepositoryConfigurationDelegate : Bootstrapping Spring Data Redis repositories in DEFAULT mode.
2025-01-11T13:03:11.141-03:00  INFO 17132 --- [e-commerce] [           main] .RepositoryConfigurationExtensionSupport : Spring Data Redis - Could not safely identify store assignment for repository candidate interface com.compass.e_commerce.repository.CartGameItemRepository; If you want this repository to be a Redis repository, consider annotating your entities with one of these annotations: org.springframework.data.redis.core.RedisHash (preferred), or consider extending one of the following types with your repository: org.springframework.data.keyvalue.repository.KeyValueRepository
2025-01-11T13:03:11.143-03:00  INFO 17132 --- [e-commerce] [           main] .RepositoryConfigurationExtensionSupport : Spring Data Redis - Could not safely identify store assignment for repository candidate interface com.compass.e_commerce.repository.CartRepository; If you want this repository to be a Redis repository, consider annotating your entities with one of these annotations: org.springframework.data.redis.core.RedisHash (preferred), or consider extending one of the following types with your repository: org.springframework.data.keyvalue.repository.KeyValueRepository
2025-01-11T13:03:11.143-03:00  INFO 17132 --- [e-commerce] [           main] .RepositoryConfigurationExtensionSupport : Spring Data Redis - Could not safely identify store assignment for repository candidate interface com.compass.e_commerce.repository.GameRepository; If you want this repository to be a Redis repository, consider annotating your entities with one of these annotations: org.springframework.data.redis.core.RedisHash (preferred), or consider extending one of the following types with your repository: org.springframework.data.keyvalue.repository.KeyValueRepository
2025-01-11T13:03:11.143-03:00  INFO 17132 --- [e-commerce] [           main] .RepositoryConfigurationExtensionSupport : Spring Data Redis - Could not safely identify store assignment for repository candidate interface com.compass.e_commerce.repository.OrderRepository; If you want this repository to be a Redis repository, consider annotating your entities with one of these annotations: org.springframework.data.redis.core.RedisHash (preferred), or consider extending one of the following types with your repository: org.springframework.data.keyvalue.repository.KeyValueRepository
2025-01-11T13:03:11.143-03:00  INFO 17132 --- [e-commerce] [           main] .RepositoryConfigurationExtensionSupport : Spring Data Redis - Could not safely identify store assignment for repository candidate interface com.compass.e_commerce.repository.RoleRepository; If you want this repository to be a Redis repository, consider annotating your entities with one of these annotations: org.springframework.data.redis.core.RedisHash (preferred), or consider extending one of the following types with your repository: org.springframework.data.keyvalue.repository.KeyValueRepository
2025-01-11T13:03:11.143-03:00  INFO 17132 --- [e-commerce] [           main] .RepositoryConfigurationExtensionSupport : Spring Data Redis - Could not safely identify store assignment for repository candidate interface com.compass.e_commerce.repository.SaleGameRepository; If you want this repository to be a Redis repository, consider annotating your entities with one of these annotations: org.springframework.data.redis.core.RedisHash (preferred), or consider extending one of the following types with your repository: org.springframework.data.keyvalue.repository.KeyValueRepository
2025-01-11T13:03:11.144-03:00  INFO 17132 --- [e-commerce] [           main] .RepositoryConfigurationExtensionSupport : Spring Data Redis - Could not safely identify store assignment for repository candidate interface com.compass.e_commerce.repository.UserRepository; If you want this repository to be a Redis repository, consider annotating your entities with one of these annotations: org.springframework.data.redis.core.RedisHash (preferred), or consider extending one of the following types with your repository: org.springframework.data.keyvalue.repository.KeyValueRepository
2025-01-11T13:03:11.144-03:00  INFO 17132 --- [e-commerce] [           main] .s.d.r.c.RepositoryConfigurationDelegate : Finished Spring Data repository scanning in 16 ms. Found 0 Redis repository interfaces.
2025-01-11T13:03:11.675-03:00  INFO 17132 --- [e-commerce] [           main] o.s.cloud.context.scope.GenericScope     : BeanFactory id=d1ed236d-495a-3c82-9322-c9c27f49176f
2025-01-11T13:03:12.867-03:00  INFO 17132 --- [e-commerce] [           main] o.hibernate.jpa.internal.util.LogHelper  : HHH000204: Processing PersistenceUnitInfo [name: default]
2025-01-11T13:03:12.992-03:00  INFO 17132 --- [e-commerce] [           main] org.hibernate.Version                    : HHH000412: Hibernate ORM core version 6.3.1.Final
2025-01-11T13:03:13.068-03:00  INFO 17132 --- [e-commerce] [           main] o.h.c.internal.RegionFactoryInitiator    : HHH000026: Second-level cache disabled
2025-01-11T13:03:13.527-03:00  INFO 17132 --- [e-commerce] [           main] o.s.o.j.p.SpringPersistenceUnitInfo      : No LoadTimeWeaver setup: ignoring JPA class transformer
2025-01-11T13:03:13.558-03:00  INFO 17132 --- [e-commerce] [           main] com.zaxxer.hikari.HikariDataSource       : HikariPool-1 - Starting...
2025-01-11T13:03:13.773-03:00  INFO 17132 --- [e-commerce] [           main] com.zaxxer.hikari.pool.HikariPool        : HikariPool-1 - Added connection com.mysql.cj.jdbc.ConnectionImpl@4fd63c43
2025-01-11T13:03:13.775-03:00  INFO 17132 --- [e-commerce] [           main] com.zaxxer.hikari.HikariDataSource       : HikariPool-1 - Start completed.
2025-01-11T13:03:15.437-03:00  INFO 17132 --- [e-commerce] [           main] o.h.e.t.j.p.i.JtaPlatformInitiator       : HHH000489: No JTA platform available (set 'hibernate.transaction.jta.platform' to enable JTA platform integration)
2025-01-11T13:03:15.573-03:00  INFO 17132 --- [e-commerce] [           main] j.LocalContainerEntityManagerFactoryBean : Initialized JPA EntityManagerFactory for persistence unit 'default'
2025-01-11T13:03:16.166-03:00  INFO 17132 --- [e-commerce] [           main] o.s.d.j.r.query.QueryEnhancerFactory     : Hibernate is in classpath; If applicable, HQL parser will be used.
2025-01-11T13:03:17.572-03:00  WARN 17132 --- [e-commerce] [           main] JpaBaseConfiguration$JpaWebConfiguration : spring.jpa.open-in-view is enabled by default. Therefore, database queries may be performed during view rendering. Explicitly configure spring.jpa.open-in-view to disable this warning
2025-01-11T13:03:18.353-03:00  INFO 17132 --- [e-commerce] [           main] o.s.s.web.DefaultSecurityFilterChain     : Will secure any request with [org.springframework.security.web.session.DisableEncodeUrlFilter@62edb254, org.springframework.security.web.context.request.async.WebAsyncManagerIntegrationFilter@449ca6b6, org.springframework.security.web.context.SecurityContextHolderFilter@67d85d5f, org.springframework.security.web.header.HeaderWriterFilter@22c5a7fd, org.springframework.web.filter.CorsFilter@12bc2b41, org.springframework.security.web.authentication.logout.LogoutFilter@4bcb5415, com.compass.e_commerce.config.security.SecurityFilter@61f26cba, org.springframework.security.web.authentication.UsernamePasswordAuthenticationFilter@68b2a686, org.springframework.security.web.savedrequest.RequestCacheAwareFilter@59ba219d, org.springframework.security.web.servletapi.SecurityContextHolderAwareRequestFilter@58d8059b, org.springframework.security.web.authentication.AnonymousAuthenticationFilter@61466b5f, org.springframework.security.web.session.SessionManagementFilter@55b991e0, org.springframework.security.web.access.ExceptionTranslationFilter@a2cf1b6, org.springframework.security.web.access.intercept.AuthorizationFilter@79b7aebc]
2025-01-11T13:03:19.640-03:00  INFO 17132 --- [e-commerce] [           main] o.a.k.clients.consumer.ConsumerConfig    : ConsumerConfig values: 
	allow.auto.create.topics = true
	auto.commit.interval.ms = 5000
	auto.include.jmx.reporter = true
	auto.offset.reset = latest
	bootstrap.servers = [localhost:9092]
	check.crcs = true
	client.dns.lookup = use_all_dns_ips
	client.id = consumer-payment-confirmation-group-1
	client.rack = 
	connections.max.idle.ms = 540000
	default.api.timeout.ms = 60000
	enable.auto.commit = false
	exclude.internal.topics = true
	fetch.max.bytes = 52428800
	fetch.max.wait.ms = 500
	fetch.min.bytes = 1
	group.id = payment-confirmation-group
	group.instance.id = null
	heartbeat.interval.ms = 3000
	interceptor.classes = []
	internal.leave.group.on.close = true
	internal.throw.on.fetch.stable.offset.unsupported = false
	isolation.level = read_uncommitted
	key.deserializer = class org.apache.kafka.common.serialization.StringDeserializer
	max.partition.fetch.bytes = 1048576
	max.poll.interval.ms = 300000
	max.poll.records = 500
	metadata.max.age.ms = 300000
	metric.reporters = []
	metrics.num.samples = 2
	metrics.recording.level = INFO
	metrics.sample.window.ms = 30000
	partition.assignment.strategy = [class org.apache.kafka.clients.consumer.RangeAssignor, class org.apache.kafka.clients.consumer.CooperativeStickyAssignor]
	receive.buffer.bytes = 65536
	reconnect.backoff.max.ms = 1000
	reconnect.backoff.ms = 50
	request.timeout.ms = 30000
	retry.backoff.ms = 100
	sasl.client.callback.handler.class = null
	sasl.jaas.config = null
	sasl.kerberos.kinit.cmd = /usr/bin/kinit
	sasl.kerberos.min.time.before.relogin = 60000
	sasl.kerberos.service.name = null
	sasl.kerberos.ticket.renew.jitter = 0.05
	sasl.kerberos.ticket.renew.window.factor = 0.8
	sasl.login.callback.handler.class = null
	sasl.login.class = null
	sasl.login.connect.timeout.ms = null
	sasl.login.read.timeout.ms = null
	sasl.login.refresh.buffer.seconds = 300
	sasl.login.refresh.min.period.seconds = 60
	sasl.login.refresh.window.factor = 0.8
	sasl.login.refresh.window.jitter = 0.05
	sasl.login.retry.backoff.max.ms = 10000
	sasl.login.retry.backoff.ms = 100
	sasl.mechanism = GSSAPI
	sasl.oauthbearer.clock.skew.seconds = 30
	sasl.oauthbearer.expected.audience = null
	sasl.oauthbearer.expected.issuer = null
	sasl.oauthbearer.jwks.endpoint.refresh.ms = 3600000
	sasl.oauthbearer.jwks.endpoint.retry.backoff.max.ms = 10000
	sasl.oauthbearer.jwks.endpoint.retry.backoff.ms = 100
	sasl.oauthbearer.jwks.endpoint.url = null
	sasl.oauthbearer.scope.claim.name = scope
	sasl.oauthbearer.sub.claim.name = sub
	sasl.oauthbearer.token.endpoint.url = null
	security.protocol = PLAINTEXT
	security.providers = null
	send.buffer.bytes = 131072
	session.timeout.ms = 45000
	socket.connection.setup.timeout.max.ms = 30000
	socket.connection.setup.timeout.ms = 10000
	ssl.cipher.suites = null
	ssl.enabled.protocols = [TLSv1.2, TLSv1.3]
	ssl.endpoint.identification.algorithm = https
	ssl.engine.factory.class = null
	ssl.key.password = null
	ssl.keymanager.algorithm = SunX509
	ssl.keystore.certificate.chain = null
	ssl.keystore.key = null
	ssl.keystore.location = null
	ssl.keystore.password = null
	ssl.keystore.type = JKS
	ssl.protocol = TLSv1.3
	ssl.provider = null
	ssl.secure.random.implementation = null
	ssl.trustmanager.algorithm = PKIX
	ssl.truststore.certificates = null
	ssl.truststore.location = null
	ssl.truststore.password = null
	ssl.truststore.type = JKS
	value.deserializer = class org.apache.kafka.common.serialization.StringDeserializer

2025-01-11T13:03:19.919-03:00  INFO 17132 --- [e-commerce] [           main] o.a.kafka.common.utils.AppInfoParser     : Kafka version: 3.6.0
2025-01-11T13:03:19.919-03:00  INFO 17132 --- [e-commerce] [           main] o.a.kafka.common.utils.AppInfoParser     : Kafka commitId: 60e845626d8a465a
2025-01-11T13:03:19.919-03:00  INFO 17132 --- [e-commerce] [           main] o.a.kafka.common.utils.AppInfoParser     : Kafka startTimeMs: 1736611399914
2025-01-11T13:03:19.923-03:00  INFO 17132 --- [e-commerce] [           main] fkaConsumerFactory$ExtendedKafkaConsumer : [Consumer clientId=consumer-payment-confirmation-group-1, groupId=payment-confirmation-group] Subscribed to topic(s): payment-confirmation
2025-01-11T13:03:19.950-03:00  INFO 17132 --- [e-commerce] [           main] c.c.e.ECommerceApplicationTests          : Started ECommerceApplicationTests in 11.976 seconds (process running for 13.504)
2025-01-11T13:03:20.589-03:00  INFO 17132 --- [e-commerce] [ntainer#0-0-C-1] org.apache.kafka.clients.NetworkClient   : [Consumer clientId=consumer-payment-confirmation-group-1, groupId=payment-confirmation-group] Node -1 disconnected.
2025-01-11T13:03:20.591-03:00  WARN 17132 --- [e-commerce] [ntainer#0-0-C-1] org.apache.kafka.clients.NetworkClient   : [Consumer clientId=consumer-payment-confirmation-group-1, groupId=payment-confirmation-group] Connection to node -1 (localhost/127.0.0.1:9092) could not be established. Broker may not be available.
2025-01-11T13:03:20.591-03:00  WARN 17132 --- [e-commerce] [ntainer#0-0-C-1] org.apache.kafka.clients.NetworkClient   : [Consumer clientId=consumer-payment-confirmation-group-1, groupId=payment-confirmation-group] Bootstrap broker localhost:9092 (id: -1 rack: null) disconnected
2025-01-11T13:03:20.705-03:00  INFO 17132 --- [e-commerce] [ntainer#0-0-C-1] org.apache.kafka.clients.NetworkClient   : [Consumer clientId=consumer-payment-confirmation-group-1, groupId=payment-confirmation-group] Node -1 disconnected.
2025-01-11T13:03:20.705-03:00  WARN 17132 --- [e-commerce] [ntainer#0-0-C-1] org.apache.kafka.clients.NetworkClient   : [Consumer clientId=consumer-payment-confirmation-group-1, groupId=payment-confirmation-group] Connection to node -1 (localhost/127.0.0.1:9092) could not be established. Broker may not be available.
2025-01-11T13:03:20.706-03:00  WARN 17132 --- [e-commerce] [ntainer#0-0-C-1] org.apache.kafka.clients.NetworkClient   : [Consumer clientId=consumer-payment-confirmation-group-1, groupId=payment-confirmation-group] Bootstrap broker localhost:9092 (id: -1 rack: null) disconnected
]]></system-out>
  </testcase>
</testsuite>